<?xml version="1.0" encoding="UTF-8"?>
<testsuite xmlns:xsi="http://www.w3.org/2001/XMLSchema-instance" xsi:noNamespaceSchemaLocation="https://maven.apache.org/surefire/maven-surefire-plugin/xsd/surefire-test-report.xsd" version="3.0.2" name="com.heima.springbootproject01.SpringbootProject01ApplicationTests" time="9.398" tests="1" errors="0" skipped="0" failures="0" flakes="0">
  <properties>
[...]
</properties>
  <testcase name="y" classname="com.heima.springbootproject01.SpringbootProject01ApplicationTests" time="5.291">
    <system-out><![CDATA[18:20:38.813 [main] INFO org.springframework.test.context.support.AnnotationConfigContextLoaderUtils -- Could not detect default configuration classes for test class [com.heima.springbootproject01.SpringbootProject01ApplicationTests]: SpringbootProject01ApplicationTests does not declare any static, non-private, non-final, nested classes annotated with @Configuration.
18:20:39.033 [main] INFO org.springframework.boot.test.context.SpringBootTestContextBootstrapper -- Found @SpringBootConfiguration com.heima.springbootproject01.SpringbootProject01Application for test class com.heima.springbootproject01.SpringbootProject01ApplicationTests
18:20:39.205 [main] INFO org.springframework.test.context.support.AnnotationConfigContextLoaderUtils -- Could not detect default configuration classes for test class [com.heima.springbootproject01.SpringbootProject01ApplicationTests]: SpringbootProject01ApplicationTests does not declare any static, non-private, non-final, nested classes annotated with @Configuration.
18:20:39.208 [main] INFO org.springframework.boot.test.context.SpringBootTestContextBootstrapper -- Found @SpringBootConfiguration com.heima.springbootproject01.SpringbootProject01Application for test class com.heima.springbootproject01.SpringbootProject01ApplicationTests

  .   ____          _            __ _ _
 /\\ / ___'_ __ _ _(_)_ __  __ _ \ \ \ \
( ( )\___ | '_ | '_| | '_ \/ _` | \ \ \ \
 \\/  ___)| |_)| | | | | || (_| |  ) ) ) )
  '  |____| .__|_| |_|_| |_\__, | / / / /
 =========|_|==============|___/=/_/_/_/

 :: Spring Boot ::                (v4.0.7)

2026-08-18T18:20:39.850+08:00  INFO 10524 --- [Springboot-project01] [           main] .h.s.SpringbootProject01ApplicationTests : Starting SpringbootProject01ApplicationTests using Java 20.0.2 with PID 10524 (started by MSI in D:\java\demo\Springboot-project01)
2026-08-18T18:20:39.853+08:00  INFO 10524 --- [Springboot-project01] [           main] .h.s.SpringbootProject01ApplicationTests : No active profile set, falling back to 1 default profile: "default"
Logging initialized using 'class org.apache.ibatis.logging.stdout.StdOutImpl' adapter.
2026-08-18T18:20:42.391+08:00  INFO 10524 --- [Springboot-project01] [           main] .h.s.SpringbootProject01ApplicationTests : Started SpringbootProject01ApplicationTests in 3.044 seconds (process running for 8.094)
Creating a new SqlSession
SqlSession [org.apache.ibatis.session.defaults.DefaultSqlSession@38667005] was not registered for synchronization because synchronization is not active
2026-08-18T18:20:46.872+08:00  INFO 10524 --- [Springboot-project01] [           main] com.zaxxer.hikari.HikariDataSource       : HikariPool-1 - Starting...
2026-08-18T18:20:47.562+08:00  INFO 10524 --- [Springboot-project01] [           main] com.zaxxer.hikari.pool.HikariPool        : HikariPool-1 - Added connection com.mysql.cj.jdbc.ConnectionImpl@4148ce43
2026-08-18T18:20:47.565+08:00  INFO 10524 --- [Springboot-project01] [           main] com.zaxxer.hikari.HikariDataSource       : HikariPool-1 - Start completed.
JDBC Connection [HikariProxyConnection@308998656 wrapping com.mysql.cj.jdbc.ConnectionImpl@4148ce43] will not be managed by Spring
==>  Preparing: select * from user
==> Parameters: 
<==    Columns: id, username, password, name, age
<==        Row: 1, daqiao, 123456, heima, 10
<==        Row: 2, xiaoqiao, 123456, 小乔, 18
<==        Row: 3, diachan, 123456, 貂蝉, 24
<==        Row: 4, lvbu, 123456, 吕布, 28
<==        Row: 5, zhaoyun, 12345678, 赵云, 27
<==      Total: 5
Closing non transactional SqlSession [org.apache.ibatis.session.defaults.DefaultSqlSession@38667005]
]]></system-out>
  </testcase>
</testsuite>